<?xml version="1.0" encoding="UTF-8"?>
<!-- Generated by org.testng.reporters.JUnitReportReporter -->
<testsuite hostname="ssingh" failures="0" tests="1" name="Base.Base_Class" time="24.753" errors="0" timestamp="2020-06-30T19:43:57 IST" skipped="0">
  <testcase classname="Base.Base_Class" name="setup" time="24.753"/>
  <system-out/>
</testsuite> <!-- Base.Base_Class -->
