<?xml version="1.0" encoding="UTF-8"?>
<!-- Generated by org.testng.reporters.JUnitReportReporter -->
<testsuite hostname="ssingh" failures="0" tests="1" name="Test_Cases.Capture_Google_Page_Title" time="0.078" errors="0" timestamp="2020-06-30T21:17:34 IST" skipped="0">
  <testcase classname="Test_Cases.Capture_Google_Page_Title" name="capture_title" time="0.078"/>
  <system-out/>
</testsuite> <!-- Test_Cases.Capture_Google_Page_Title -->
