<?xml version="1.0" encoding="UTF-8"?>
<!-- Generated by org.testng.reporters.JUnitReportReporter -->
<testsuite hostname="phood" failures="0" tests="1" name="Test_Cases.Capture_Google_Page_Title" time="1.126" errors="0" timestamp="01 Jul 2020 08:56:29 GMT" skipped="0">
  <testcase classname="Test_Cases.Capture_Google_Page_Title" name="capture_title" time="1.126"/>
</testsuite> <!-- Test_Cases.Capture_Google_Page_Title -->
